SF:lib/core/api/sse_client.dart
DA:30,2
DA:37,0
DA:42,0
DA:43,0
DA:46,0
DA:47,0
DA:50,0
DA:55,0
DA:56,0
DA:57,0
DA:60,0
DA:61,0
DA:64,0
DA:66,0
DA:67,0
DA:68,0
DA:69,0
DA:70,0
DA:71,0
DA:72,0
DA:77,0
DA:78,0
DA:82,0
DA:86,0
DA:87,0
DA:89,0
DA:90,0
DA:91,0
DA:97,0
DA:99,0
DA:105,0
DA:107,0
DA:108,0
DA:109,0
DA:111,0
DA:112,0
DA:114,0
DA:115,0
DA:120,1
DA:121,2
DA:122,1
DA:123,1
DA:124,1
DA:128,1
DA:129,1
DA:134,0
DA:136,0
DA:137,0
DA:138,0
DA:147,0
DA:150,0
DA:151,0
DA:152,0
DA:153,0
DA:154,0
DA:155,0
DA:156,0
DA:157,0
DA:165,0
DA:166,0
DA:167,0
DA:168,0
DA:169,0
DA:170,0
DA:176,0
DA:177,0
DA:178,0
DA:179,0
DA:184,0
DA:185,0
DA:188,0
DA:189,0
LF:72
LH:8
end_of_record
SF:lib/models/stream_event.dart
DA:35,0
DA:36,0
LF:2
LH:0
end_of_record
SF:lib/models/stream_event.g.dart
DA:9,0
DA:10,0
DA:11,0
DA:12,0
DA:15,0
DA:16,0
DA:17,0
DA:18,0
DA:21,0
DA:22,0
DA:23,0
DA:24,0
DA:25,0
DA:28,0
DA:29,0
DA:30,0
DA:31,0
DA:32,0
DA:35,0
DA:36,0
DA:37,0
DA:40,0
DA:41,0
DA:42,0
DA:45,0
DA:46,0
DA:47,0
DA:48,0
DA:49,0
DA:52,0
DA:53,0
DA:54,0
DA:55,0
DA:56,0
LF:34
LH:0
end_of_record
SF:lib/core/api/api_exception.dart
DA:8,3
DA:10,1
DA:12,4
DA:17,2
DA:22,1
DA:27,1
DA:32,1
DA:37,0
DA:46,1
DA:49,2
DA:54,1
DA:56,4
DA:65,1
DA:68,1
DA:69,1
LF:15
LH:14
end_of_record
SF:lib/core/auth/auth_manager.dart
DA:16,1
DA:22,1
DA:23,2
DA:27,1
DA:28,2
DA:33,1
DA:34,1
DA:35,1
DA:37,2
DA:41,1
DA:42,2
DA:44,4
DA:45,1
DA:56,1
DA:57,1
DA:58,1
DA:60,2
DA:64,1
DA:65,2
DA:66,1
DA:67,3
DA:81,1
DA:82,1
DA:83,1
DA:84,1
DA:93,1
DA:94,1
DA:96,2
DA:102,1
DA:103,2
DA:109,1
DA:110,2
DA:114,1
DA:115,2
DA:121,1
DA:122,1
DA:123,1
DA:127,1
DA:128,2
LF:39
LH:39
end_of_record
SF:lib/core/storage/secure_storage.dart
DA:27,0
DA:28,0
DA:29,0
DA:30,0
DA:31,0
DA:33,0
DA:35,0
DA:40,6
DA:41,6
DA:42,0
DA:43,0
DA:45,0
DA:46,0
DA:47,0
DA:53,6
DA:54,6
DA:58,0
DA:59,0
DA:63,0
DA:64,0
DA:70,0
DA:71,0
DA:75,0
DA:76,0
DA:85,1
DA:86,1
DA:91,2
DA:94,0
DA:102,0
DA:103,0
DA:111,0
DA:112,0
DA:116,0
DA:117,0
DA:122,0
DA:123,0
DA:128,0
LF:37
LH:7
end_of_record
SF:lib/models/server_config.dart
DA:20,3
DA:33,2
DA:34,1
DA:35,1
DA:36,1
DA:37,1
DA:38,1
DA:39,2
DA:40,1
DA:41,1
DA:44,2
DA:45,1
DA:46,1
DA:47,1
DA:48,1
DA:49,1
DA:50,0
DA:52,2
DA:53,1
DA:54,1
DA:55,0
DA:61,0
DA:71,0
DA:72,0
DA:73,0
DA:74,0
DA:75,0
DA:76,0
DA:77,0
DA:78,0
DA:79,0
DA:84,0
DA:87,0
DA:88,0
DA:89,0
DA:91,0
DA:92,0
DA:94,0
DA:95,0
DA:96,0
DA:97,0
LF:41
LH:19
end_of_record
SF:lib/core/api/api_client.dart
DA:25,1
DA:32,3
DA:36,1
DA:37,1
DA:41,0
DA:48,0
DA:49,0
DA:50,0
DA:51,0
DA:56,4
DA:57,4
DA:59,4
DA:60,0
DA:61,0
DA:62,0
DA:63,0
DA:64,0
DA:70,0
DA:75,0
DA:79,0
DA:83,0
DA:87,0
DA:91,0
DA:95,0
DA:99,0
DA:103,0
DA:107,0
DA:111,0
DA:113,0
DA:114,0
DA:118,0
DA:120,0
DA:122,0
DA:126,0
DA:128,0
DA:135,0
DA:136,0
DA:137,0
DA:138,0
DA:140,0
DA:141,0
DA:142,0
DA:143,0
DA:144,0
DA:145,0
DA:148,0
DA:149,0
DA:150,0
DA:153,0
DA:154,0
DA:157,0
DA:161,0
DA:169,0
DA:171,0
DA:172,0
DA:173,0
DA:176,0
DA:178,0
DA:179,0
DA:180,0
DA:183,0
DA:185,0
DA:186,0
DA:187,0
DA:194,0
DA:196,0
DA:198,0
DA:199,0
DA:200,0
DA:201,0
DA:203,0
DA:204,0
DA:205,0
DA:214,0
DA:216,0
DA:217,0
DA:218,0
DA:221,0
DA:222,0
DA:223,0
DA:234,0
LF:81
LH:7
end_of_record
SF:lib/core/constants/api_endpoints.dart
DA:24,0
DA:25,0
DA:26,0
DA:27,0
DA:31,0
DA:47,0
LF:6
LH:0
end_of_record
SF:lib/core/security/certificate_pinner.dart
DA:45,0
DA:46,0
DA:47,0
DA:48,0
DA:50,0
DA:57,0
DA:58,0
DA:59,0
DA:63,0
DA:70,0
DA:73,0
DA:76,0
DA:77,0
DA:81,0
DA:86,0
DA:94,0
DA:95,0
DA:97,0
DA:99,0
DA:100,0
DA:103,0
DA:107,0
DA:108,0
DA:109,0
DA:110,0
DA:114,0
DA:116,0
DA:117,0
DA:118,0
DA:123,0
DA:124,0
DA:125,0
DA:126,0
DA:127,0
DA:128,0
DA:129,0
DA:131,0
DA:137,0
DA:139,0
DA:141,0
DA:149,0
DA:150,0
DA:154,0
DA:155,0
DA:172,0
DA:173,0
DA:174,0
DA:175,0
DA:176,0
DA:178,0
DA:179,0
DA:182,0
DA:183,0
DA:184,0
DA:185,0
DA:186,0
DA:187,0
DA:188,0
DA:189,0
DA:191,0
DA:192,0
DA:193,0
DA:194,0
DA:195,0
DA:196,0
DA:197,0
DA:198,0
DA:204,0
DA:205,0
DA:206,0
DA:207,0
DA:208,0
DA:209,0
DA:210,0
DA:215,0
DA:219,0
DA:222,0
DA:223,0
DA:224,0
DA:225,0
DA:226,0
DA:227,0
DA:228,0
DA:229,0
DA:232,0
DA:233,0
DA:234,0
DA:236,0
DA:239,0
DA:240,0
LF:90
LH:0
end_of_record
SF:lib/core/api/endpoints.dart
DA:27,0
DA:28,0
DA:29,0
DA:30,0
DA:34,0
DA:50,0
LF:6
LH:0
end_of_record
SF:lib/core/providers/api_client_provider.dart
DA:13,0
DA:14,0
DA:15,0
DA:16,0
DA:27,12
DA:28,6
DA:29,3
DA:43,0
DA:44,0
DA:45,0
DA:47,0
DA:51,0
DA:52,0
DA:53,0
DA:54,0
DA:59,0
DA:61,0
DA:63,0
DA:64,0
LF:19
LH:3
end_of_record
SF:lib/features/connection/providers/connection_provider.dart
DA:43,3
DA:52,1
DA:62,1
DA:63,1
DA:65,1
DA:66,1
DA:67,1
DA:68,1
DA:69,1
DA:82,6
DA:84,18
DA:86,6
DA:91,6
DA:92,12
DA:93,0
DA:95,0
DA:103,0
DA:104,0
DA:117,0
DA:122,0
DA:123,0
DA:126,0
DA:127,0
DA:132,0
DA:140,0
DA:141,0
DA:144,0
DA:149,0
DA:150,0
DA:152,0
DA:159,0
DA:160,0
DA:161,0
DA:164,0
DA:165,0
DA:166,0
DA:169,0
DA:171,0
DA:172,0
DA:173,0
DA:178,0
DA:180,0
DA:184,0
DA:187,0
DA:192,0
DA:193,0
DA:194,0
DA:197,0
DA:199,0
DA:206,0
DA:207,0
DA:212,0
DA:213,0
DA:214,0
DA:216,0
DA:218,0
DA:220,0
DA:229,0
DA:231,0
DA:239,0
DA:240,0
DA:241,0
DA:243,0
DA:245,0
DA:248,0
DA:251,0
DA:252,0
DA:254,0
DA:257,0
DA:266,0
DA:267,0
DA:270,0
DA:271,0
DA:273,0
DA:275,0
DA:286,1
DA:287,3
DA:296,1
DA:297,1
DA:303,0
DA:304,0
DA:307,0
DA:308,0
DA:310,0
DA:311,0
DA:315,0
DA:316,0
DA:327,20
DA:328,10
LF:89
LH:20
end_of_record
SF:lib/features/connection/data/server_repository.dart
DA:21,7
DA:31,0
DA:32,0
DA:33,0
DA:34,0
DA:40,0
DA:45,0
DA:46,0
DA:50,0
DA:55,6
DA:56,12
DA:57,12
DA:61,0
DA:62,0
DA:63,0
DA:64,0
DA:65,0
DA:70,0
DA:71,0
DA:72,0
DA:75,0
DA:77,0
DA:79,0
DA:82,0
DA:86,0
DA:87,0
DA:88,0
DA:89,0
DA:92,0
DA:93,0
DA:94,0
DA:97,0
DA:98,0
DA:99,0
DA:100,0
DA:107,0
DA:108,0
DA:109,0
DA:110,0
DA:114,0
DA:115,0
DA:116,0
DA:119,0
DA:121,0
DA:122,0
DA:130,0
DA:131,0
DA:132,0
DA:137,0
DA:138,0
DA:149,1
DA:153,3
DA:156,1
DA:159,1
DA:161,1
DA:167,2
DA:171,1
DA:172,1
DA:175,0
DA:179,1
DA:180,0
DA:181,0
DA:183,0
DA:184,0
DA:185,0
DA:186,0
DA:188,0
DA:191,0
DA:194,0
DA:197,1
DA:198,2
DA:199,3
DA:200,1
DA:202,0
DA:203,0
DA:204,0
DA:206,0
DA:214,3
DA:215,3
DA:216,3
DA:217,3
DA:235,1
DA:236,1
DA:240,1
DA:241,1
DA:248,2
DA:249,2
DA:255,2
DA:260,1
DA:261,2
DA:266,2
DA:267,2
DA:274,1
DA:275,1
DA:276,1
DA:277,1
DA:278,1
DA:279,1
DA:285,1
DA:286,1
DA:292,0
DA:293,0
DA:294,0
DA:295,0
DA:300,0
DA:302,0
DA:306,0
DA:308,0
DA:317,3
DA:318,3
DA:319,3
DA:322,6
DA:324,6
DA:325,3
DA:326,3
DA:327,5
DA:333,2
DA:335,2
DA:336,4
DA:337,4
DA:338,4
DA:353,2
DA:359,1
DA:362,1
DA:364,1
DA:367,1
LF:126
LH:58
end_of_record
SF:lib/features/insights/presentation/insights_screen.dart
DA:22,0
DA:24,1
DA:26,2
DA:27,1
DA:29,1
DA:31,1
DA:34,1
DA:36,3
DA:42,1
DA:44,0
DA:47,1
DA:48,1
DA:51,0
DA:52,2
DA:57,1
DA:59,2
DA:60,2
DA:61,2
DA:64,1
DA:67,0
DA:69,0
DA:70,0
DA:72,0
DA:74,0
DA:76,0
DA:81,0
DA:83,0
DA:86,0
DA:88,0
DA:97,0
DA:98,0
DA:100,0
DA:102,0
DA:112,0
DA:113,0
DA:120,0
DA:121,0
DA:124,0
DA:127,0
DA:130,0
DA:133,0
DA:136,0
DA:139,0
DA:142,0
DA:149,0
DA:150,0
DA:151,0
DA:152,0
DA:153,0
DA:156,0
DA:161,0
DA:162,0
DA:165,0
DA:173,0
DA:174,0
DA:176,0
DA:178,0
DA:179,0
DA:181,0
DA:182,0
DA:183,0
DA:185,0
DA:186,0
DA:187,0
DA:198,1
DA:199,1
DA:200,1
DA:202,1
DA:204,1
DA:205,1
DA:211,1
DA:213,3
DA:219,1
DA:221,3
DA:232,0
DA:233,0
DA:234,0
DA:236,0
DA:238,0
DA:245,0
DA:247,0
DA:253,0
DA:255,0
DA:263,0
DA:264,0
DA:266,0
DA:276,0
DA:277,0
DA:278,0
DA:279,0
DA:282,0
DA:283,0
DA:284,0
DA:295,0
DA:302,0
DA:304,0
DA:306,0
DA:308,0
DA:309,0
DA:312,0
DA:314,0
DA:317,0
DA:318,0
DA:320,0
DA:321,0
DA:322,0
DA:330,0
DA:331,0
DA:332,0
LF:109
LH:26
end_of_record
SF:lib/models/insights_data.dart
DA:26,2
DA:39,1
DA:40,2
DA:41,2
DA:42,2
DA:43,3
DA:44,2
DA:45,1
DA:49,1
DA:50,2
DA:51,4
DA:53,2
DA:54,4
DA:56,2
DA:61,1
DA:62,1
DA:63,3
DA:64,3
DA:65,3
DA:67,3
DA:68,1
DA:69,3
DA:72,3
DA:73,3
DA:77,1
DA:79,1
DA:80,2
DA:85,1
DA:87,1
DA:89,2
DA:90,1
DA:91,1
DA:99,1
DA:102,1
DA:103,3
DA:104,3
DA:105,3
DA:106,3
DA:107,3
DA:109,0
DA:110,0
DA:111,0
DA:112,0
DA:113,0
DA:114,0
DA:117,0
DA:118,0
DA:119,0
DA:120,0
LF:49
LH:39
end_of_record
SF:lib/features/insights/providers/insights_provider.dart
DA:15,3
DA:16,0
DA:17,0
DA:19,0
DA:24,0
DA:26,0
DA:27,0
DA:28,0
DA:29,0
DA:30,0
DA:33,0
DA:34,0
DA:35,0
LF:13
LH:1
end_of_record
SF:lib/core/storage/preferences.dart
DA:19,1
DA:24,3
DA:26,1
DA:27,2
DA:31,3
DA:33,1
DA:34,2
DA:38,3
DA:40,0
DA:41,0
DA:45,0
DA:46,0
DA:48,0
DA:49,0
DA:53,3
DA:54,0
DA:61,0
DA:62,0
LF:18
LH:9
end_of_record
SF:lib/features/settings/providers/settings_provider.dart
DA:16,3
DA:18,3
DA:20,3
DA:22,3
DA:34,3
DA:40,1
DA:47,1
DA:48,1
DA:51,1
DA:54,1
DA:67,1
DA:69,4
DA:70,1
DA:71,3
DA:72,2
DA:73,2
DA:79,1
DA:80,3
DA:81,3
DA:82,3
DA:87,1
DA:88,2
DA:89,1
DA:90,1
DA:91,2
DA:92,3
DA:94,2
DA:95,3
DA:101,0
DA:102,0
DA:103,0
DA:104,0
DA:105,0
DA:106,0
DA:108,0
DA:109,0
DA:117,0
DA:118,0
DA:121,0
DA:122,0
DA:124,0
DA:125,0
DA:128,0
DA:131,0
DA:136,1
DA:138,1
DA:140,1
DA:142,1
DA:153,6
DA:154,3
DA:159,4
DA:160,3
DA:164,4
DA:165,3
DA:170,0
DA:171,0
LF:56
LH:38
end_of_record
SF:lib/core/constants/route_paths.dart
DA:24,0
DA:27,0
LF:2
LH:0
end_of_record
SF:lib/core/utils/date_formatter.dart
DA:19,3
DA:20,3
DA:21,3
DA:23,6
DA:25,4
DA:26,4
DA:27,4
DA:28,4
DA:29,2
DA:31,2
DA:32,2
DA:33,0
DA:34,0
DA:36,0
DA:41,0
DA:42,0
DA:46,0
DA:47,0
DA:51,0
DA:52,0
DA:53,0
DA:54,0
DA:63,1
DA:64,3
DA:65,2
DA:67,1
DA:68,1
DA:71,1
DA:72,1
DA:73,1
DA:74,2
DA:78,2
DA:79,1
DA:80,1
DA:81,1
DA:85,0
DA:86,0
DA:87,0
DA:88,0
DA:95,1
DA:97,1
DA:98,1
DA:102,1
DA:104,1
DA:108,0
DA:109,0
LF:46
LH:29
end_of_record
SF:lib/data/datasources/local/isar_provider.dart
DA:15,0
DA:16,0
DA:18,0
DA:28,0
DA:29,0
DA:31,0
DA:34,0
DA:35,0
DA:36,0
LF:9
LH:0
end_of_record
SF:lib/data/models/cached_session.dart
DA:53,0
LF:1
LH:0
end_of_record
SF:lib/data/models/user_preference.dart
DA:24,0
LF:1
LH:0
end_of_record
SF:lib/features/connection/presentation/connection_screen.dart
DA:27,0
DA:29,3
DA:30,3
DA:41,2
DA:43,4
DA:44,4
DA:45,4
DA:46,2
DA:49,3
DA:51,3
DA:53,9
DA:54,9
DA:55,2
DA:56,0
DA:57,0
DA:71,1
DA:72,2
DA:76,1
DA:78,1
DA:79,1
DA:84,2
DA:88,2
DA:92,1
DA:93,1
DA:98,2
DA:107,1
DA:108,2
DA:111,0
DA:129,1
DA:130,3
DA:132,0
DA:134,0
DA:135,0
DA:136,0
DA:139,0
DA:140,0
DA:144,0
DA:146,0
DA:149,0
DA:150,0
DA:151,0
DA:152,0
DA:158,0
DA:161,0
DA:167,0
DA:169,0
DA:171,0
DA:172,0
DA:174,0
DA:176,0
DA:186,0
DA:199,0
DA:200,0
DA:201,0
DA:207,0
DA:208,0
DA:209,0
DA:219,0
DA:222,0
DA:224,0
DA:230,0
DA:231,0
DA:235,0
DA:236,0
DA:239,0
DA:240,0
DA:245,3
DA:247,9
DA:248,2
DA:251,6
DA:252,0
DA:253,0
DA:254,0
DA:258,2
DA:260,2
DA:263,2
DA:265,6
DA:272,2
DA:273,2
DA:275,2
DA:276,2
DA:277,2
DA:279,2
DA:281,2
DA:286,2
DA:291,2
DA:296,2
DA:301,2
DA:303,2
DA:306,4
DA:307,0
DA:309,2
DA:312,2
DA:314,2
DA:317,2
DA:319,2
DA:330,2
DA:331,2
DA:332,2
DA:333,2
DA:336,2
DA:339,2
DA:341,6
DA:350,2
DA:351,6
DA:353,2
DA:355,2
DA:356,2
DA:358,6
DA:363,2
DA:364,2
DA:368,2
DA:369,2
DA:371,2
DA:372,2
DA:378,2
DA:379,2
DA:380,2
DA:382,2
DA:383,2
DA:384,2
DA:386,2
DA:387,2
DA:390,2
DA:391,2
DA:395,2
DA:401,2
DA:402,6
DA:404,2
DA:406,2
DA:407,2
DA:409,6
DA:414,2
DA:415,2
DA:417,2
DA:419,2
DA:420,2
DA:422,2
DA:423,2
DA:427,2
DA:428,2
DA:429,2
DA:432,1
DA:433,2
DA:434,2
DA:440,2
DA:441,2
DA:442,2
DA:444,2
DA:445,2
DA:446,2
DA:448,2
DA:449,2
DA:452,2
DA:453,2
DA:457,2
DA:463,2
DA:464,2
DA:466,2
DA:467,2
DA:469,6
DA:474,2
DA:475,2
DA:478,2
DA:479,2
DA:481,2
DA:482,2
DA:488,2
DA:489,2
DA:490,2
DA:492,2
DA:493,2
DA:494,2
DA:496,2
DA:497,2
DA:506,0
DA:507,0
DA:509,0
DA:510,0
DA:511,0
DA:512,0
DA:513,0
DA:516,0
DA:517,0
DA:518,0
DA:520,0
DA:521,0
DA:523,0
DA:533,0
DA:534,0
DA:535,0
DA:536,0
DA:538,0
DA:540,0
DA:541,0
DA:542,0
DA:543,0
DA:544,0
DA:547,0
DA:549,0
DA:550,0
DA:551,0
DA:554,0
DA:555,0
DA:556,0
DA:557,0
DA:565,0
DA:567,0
DA:568,0
DA:569,0
DA:574,0
DA:575,0
DA:577,0
DA:578,0
DA:580,0
DA:588,2
DA:589,6
DA:591,2
DA:593,2
DA:594,2
DA:605,2
DA:612,2
DA:615,2
DA:616,2
DA:623,2
DA:624,4
DA:626,2
DA:627,2
DA:628,2
DA:633,2
DA:635,0
DA:636,0
DA:637,2
DA:646,0
DA:649,0
DA:650,0
LF:236
LH:147
end_of_record
SF:lib/features/sessions/data/session_repository.dart
DA:20,0
DA:30,0
DA:31,0
DA:33,0
DA:36,0
DA:39,0
DA:40,0
DA:42,0
DA:43,0
DA:46,0
DA:52,0
DA:53,0
DA:55,0
DA:56,0
DA:57,0
DA:61,0
DA:62,0
DA:63,0
DA:65,0
DA:66,0
DA:67,0
DA:70,0
DA:71,0
DA:72,0
DA:76,0
DA:82,0
DA:84,0
DA:85,0
DA:86,0
DA:87,0
DA:90,0
DA:91,0
DA:92,0
DA:96,0
DA:97,0
DA:98,0
DA:100,0
DA:103,0
DA:107,0
DA:108,0
DA:109,0
DA:112,0
DA:113,0
DA:114,0
DA:121,0
DA:122,0
DA:123,0
DA:125,0
DA:127,0
DA:128,0
DA:129,0
DA:130,0
DA:131,0
DA:132,0
DA:133,0
DA:134,0
DA:135,0
DA:136,0
DA:137,0
DA:143,0
DA:149,0
DA:150,0
DA:151,0
DA:153,0
DA:154,0
DA:155,0
DA:156,0
DA:157,0
DA:160,0
DA:161,0
DA:162,0
DA:169,0
DA:172,0
DA:173,0
DA:175,0
DA:177,0
DA:178,0
DA:179,0
DA:180,0
DA:183,0
DA:186,0
DA:188,0
DA:189,0
DA:195,0
DA:196,0
DA:197,0
DA:202,0
DA:203,0
DA:204,0
DA:206,0
DA:208,0
DA:209,0
DA:210,0
DA:211,0
DA:213,0
DA:221,0
DA:222,0
DA:223,0
DA:225,0
DA:226,0
DA:228,0
DA:229,0
DA:232,0
DA:233,0
DA:234,0
DA:235,0
DA:238,0
DA:242,0
DA:244,0
DA:245,0
DA:247,0
DA:248,0
LF:112
LH:0
end_of_record
SF:lib/models/session_summary.dart
DA:7,2
DA:9,6
DA:10,2
DA:30,2
DA:31,2
LF:5
LH:5
end_of_record
SF:lib/models/session_summary.g.dart
DA:9,2
DA:10,2
DA:11,2
DA:12,2
DA:13,2
DA:14,4
DA:15,4
DA:16,4
DA:17,2
DA:18,2
DA:19,2
DA:22,0
DA:24,0
DA:25,0
DA:26,0
DA:27,0
DA:28,0
DA:29,0
DA:30,0
DA:31,0
DA:32,0
DA:33,0
LF:22
LH:11
end_of_record
SF:lib/features/sessions/presentation/session_list_screen.dart
DA:23,0
DA:25,2
DA:26,2
DA:32,2
DA:34,4
DA:35,2
DA:40,0
DA:42,0
DA:43,0
DA:44,0
DA:48,0
DA:50,0
DA:51,0
DA:52,0
DA:58,0
DA:59,0
DA:65,2
DA:72,2
DA:73,0
DA:75,6
DA:79,6
DA:80,2
DA:82,0
DA:83,0
DA:84,0
DA:85,0
DA:89,3
DA:90,1
DA:91,2
DA:92,0
DA:93,0
DA:94,0
DA:102,2
DA:104,6
DA:105,6
DA:108,6
DA:109,0
DA:110,0
DA:111,0
DA:112,0
DA:121,6
DA:122,0
DA:123,0
DA:124,0
DA:128,2
DA:130,2
DA:133,2
DA:135,8
DA:140,2
DA:142,2
DA:143,2
DA:144,2
DA:145,2
DA:149,2
DA:152,0
DA:153,0
DA:158,2
DA:159,2
DA:161,2
DA:164,2
DA:167,2
DA:168,2
DA:169,4
DA:170,1
DA:171,2
DA:172,2
DA:173,2
DA:174,2
DA:175,2
DA:177,1
DA:183,2
DA:185,2
DA:186,2
DA:195,2
DA:196,2
DA:198,2
DA:199,2
DA:200,0
DA:201,0
DA:204,2
DA:209,6
DA:210,0
DA:213,0
DA:214,0
DA:215,0
DA:216,0
DA:217,0
DA:225,2
DA:226,2
DA:229,2
DA:230,2
DA:233,2
DA:234,2
DA:242,0
DA:243,0
DA:246,0
DA:247,0
DA:248,0
DA:251,0
DA:263,1
DA:264,1
DA:266,0
DA:267,0
DA:268,0
DA:270,1
DA:272,1
DA:273,1
DA:274,1
DA:275,1
DA:277,0
DA:278,0
DA:287,2
DA:288,2
DA:291,2
DA:292,2
DA:294,2
DA:296,2
DA:298,2
DA:300,2
DA:302,2
DA:305,2
DA:307,2
DA:312,2
DA:315,2
DA:316,2
DA:317,2
DA:329,2
DA:330,6
DA:334,2
DA:337,4
DA:338,0
DA:345,2
DA:346,2
DA:348,2
DA:350,2
DA:351,2
DA:352,2
DA:359,2
DA:360,2
DA:363,10
DA:369,2
DA:371,10
DA:378,2
DA:379,0
DA:380,0
DA:381,0
DA:382,0
DA:383,0
DA:384,0
DA:386,0
DA:389,2
DA:390,4
DA:395,2
DA:403,1
DA:404,1
DA:405,1
DA:407,1
DA:409,1
DA:416,1
DA:418,5
DA:424,1
DA:426,5
DA:434,1
DA:435,0
DA:436,0
DA:449,0
DA:450,0
DA:451,0
DA:452,0
DA:455,0
DA:456,0
DA:457,0
DA:458,0
DA:459,0
DA:460,0
DA:461,0
DA:465,0
DA:466,0
DA:467,0
DA:468,0
DA:470,0
DA:492,1
DA:498,1
DA:500,2
DA:501,1
DA:502,6
DA:505,3
DA:507,1
DA:509,1
DA:510,3
DA:512,1
DA:515,1
DA:516,1
DA:517,1
DA:521,0
DA:523,0
DA:524,0
DA:527,1
DA:530,1
DA:531,1
DA:532,1
DA:533,2
DA:534,1
DA:538,1
DA:539,1
DA:540,1
DA:541,1
DA:543,1
DA:544,1
DA:547,1
DA:558,1
DA:559,1
DA:561,1
DA:563,1
DA:564,1
DA:565,2
DA:566,1
DA:574,2
DA:575,0
DA:583,1
DA:584,1
DA:586,3
DA:598,1
DA:599,1
DA:600,3
DA:601,1
DA:607,1
DA:608,2
DA:609,3
DA:615,1
DA:620,1
DA:621,1
DA:622,3
DA:623,3
DA:634,1
DA:636,1
DA:637,2
DA:638,1
DA:639,3
DA:640,3
DA:644,1
DA:645,1
DA:653,0
DA:654,0
DA:656,0
DA:657,0
DA:670,0
DA:671,0
DA:672,0
DA:673,0
DA:674,0
DA:680,0
DA:681,0
DA:689,0
DA:690,0
DA:693,0
DA:694,0
DA:695,0
DA:701,0
DA:702,0
DA:725,0
DA:726,0
DA:750,0
DA:752,0
DA:755,0
DA:756,0
DA:757,0
DA:758,0
DA:759,0
DA:760,0
DA:761,0
DA:762,0
DA:763,0
DA:764,0
DA:765,0
DA:766,0
DA:767,0
DA:768,0
DA:773,1
DA:775,2
DA:776,2
LF:281
LH:168
end_of_record
SF:lib/features/sessions/providers/session_provider.dart
DA:10,0
DA:11,0
DA:14,0
DA:15,0
DA:21,6
DA:22,0
DA:24,0
DA:28,0
DA:30,0
DA:31,0
DA:34,0
DA:35,0
DA:38,0
DA:39,0
DA:40,0
DA:41,0
DA:42,0
DA:43,0
DA:44,0
DA:45,0
DA:47,0
DA:55,0
DA:56,0
DA:57,0
DA:59,0
DA:62,0
DA:90,2
DA:101,3
DA:103,1
DA:115,1
DA:116,1
DA:117,1
DA:118,1
DA:119,1
DA:121,1
DA:123,1
DA:124,1
DA:136,2
DA:144,1
DA:145,3
DA:149,1
DA:150,5
DA:154,1
DA:155,3
DA:159,1
DA:160,3
DA:166,1
DA:167,2
DA:168,1
DA:170,2
DA:171,3
DA:177,0
DA:181,0
DA:183,0
DA:184,0
DA:186,0
DA:187,0
DA:188,0
DA:189,0
DA:196,1
DA:197,2
DA:198,1
DA:200,2
DA:201,3
DA:208,0
DA:209,0
DA:214,0
DA:215,0
DA:218,0
DA:222,0
DA:223,0
DA:224,0
DA:225,0
DA:226,0
DA:231,0
DA:232,0
DA:233,0
DA:234,0
DA:235,0
DA:242,1
DA:243,2
DA:244,1
DA:246,2
DA:247,3
DA:253,0
DA:254,0
DA:259,0
DA:260,0
DA:265,0
DA:269,0
DA:270,0
DA:271,0
DA:272,0
DA:276,0
DA:277,0
DA:278,0
DA:279,0
DA:280,0
DA:287,0
DA:288,0
DA:289,0
DA:291,0
DA:292,0
DA:294,0
DA:295,0
DA:298,0
DA:302,0
DA:303,0
DA:304,0
DA:306,0
DA:307,0
DA:308,0
DA:309,0
DA:312,0
DA:313,0
DA:319,0
DA:320,0
DA:321,0
DA:323,0
DA:324,0
DA:326,0
DA:327,0
DA:330,0
DA:334,0
DA:335,0
DA:336,0
DA:338,0
DA:339,0
DA:340,0
DA:341,0
DA:344,0
DA:345,0
DA:351,1
DA:352,2
DA:353,1
DA:355,2
DA:356,3
DA:362,0
DA:364,0
DA:365,0
DA:368,0
DA:372,0
DA:373,0
DA:374,0
DA:375,0
DA:377,0
DA:379,0
DA:380,0
DA:381,0
DA:382,0
DA:383,0
DA:392,1
DA:393,3
DA:397,1
DA:398,3
DA:402,1
DA:403,3
DA:407,1
DA:408,3
DA:414,6
DA:415,3
LF:161
LH:51
end_of_record
SF:lib/features/settings/presentation/settings_screen.dart
DA:30,0
DA:32,2
DA:34,4
DA:35,4
DA:36,2
DA:38,2
DA:40,2
DA:43,2
DA:45,6
DA:52,2
DA:54,2
DA:56,2
DA:58,2
DA:63,2
DA:65,2
DA:70,2
DA:72,2
DA:77,2
DA:79,2
DA:84,2
DA:87,2
DA:92,2
DA:94,2
DA:104,2
DA:106,2
DA:107,2
DA:108,2
DA:110,2
DA:112,6
DA:123,2
DA:125,4
DA:126,2
DA:127,2
DA:128,2
DA:129,2
DA:131,2
DA:133,6
DA:138,2
DA:139,0
DA:141,2
DA:148,0
DA:149,0
DA:150,0
DA:151,0
DA:152,0
DA:153,0
DA:156,0
DA:159,0
DA:160,0
DA:161,0
DA:163,0
DA:164,0
DA:173,0
DA:175,0
DA:180,2
DA:182,2
DA:183,2
DA:184,4
DA:185,2
DA:187,2
DA:188,2
DA:189,2
DA:190,2
DA:195,0
DA:197,0
DA:201,2
DA:208,2
DA:210,4
DA:212,2
DA:213,2
DA:215,2
DA:216,2
DA:218,2
DA:220,2
DA:221,2
DA:224,2
DA:225,2
DA:228,2
DA:229,2
DA:235,0
DA:236,0
DA:244,2
DA:245,2
DA:246,2
DA:248,2
DA:249,2
DA:252,2
DA:254,6
DA:258,2
DA:260,6
DA:270,2
DA:271,2
DA:272,2
DA:273,2
DA:274,2
DA:275,2
DA:278,2
DA:280,6
DA:284,2
DA:286,6
DA:290,2
DA:293,2
DA:296,2
DA:298,6
DA:302,2
DA:304,6
DA:308,0
DA:315,1
DA:316,1
DA:318,2
DA:325,1
DA:326,1
DA:327,3
DA:328,1
DA:330,1
DA:331,0
DA:332,0
DA:333,0
DA:335,1
DA:345,0
DA:346,0
DA:348,0
DA:355,0
DA:356,0
DA:357,0
DA:358,0
DA:360,0
DA:361,0
DA:362,0
DA:363,0
DA:364,0
DA:365,0
DA:367,0
DA:380,2
DA:381,2
DA:382,2
DA:383,2
DA:384,2
DA:387,2
DA:389,6
DA:393,2
DA:395,6
DA:399,2
DA:401,0
DA:402,0
DA:403,0
DA:410,2
DA:413,2
DA:415,6
DA:419,2
DA:421,6
DA:425,0
DA:428,2
DA:430,4
DA:431,2
DA:433,6
DA:437,2
DA:439,6
DA:451,2
DA:452,2
DA:455,2
DA:457,2
DA:458,2
DA:474,0
DA:480,0
DA:482,0
DA:484,0
DA:486,0
DA:487,0
DA:488,0
DA:491,0
DA:492,0
DA:493,0
DA:495,0
DA:498,0
DA:499,0
DA:500,0
DA:504,0
DA:505,0
DA:507,0
DA:508,0
DA:509,0
DA:511,0
DA:513,0
DA:519,0
LF:185
LH:121
end_of_record
SF:lib/features/tasks/providers/task_provider.dart
DA:51,2
DA:61,2
DA:72,2
DA:73,1
DA:74,2
DA:76,1
DA:77,2
DA:78,2
DA:79,2
DA:80,2
DA:95,1
DA:98,1
DA:104,1
DA:105,3
DA:106,1
DA:108,2
DA:113,0
DA:114,0
DA:115,0
DA:116,0
DA:121,0
DA:122,0
DA:126,0
DA:130,1
DA:131,1
DA:133,3
DA:134,1
DA:137,0
DA:138,0
DA:139,0
DA:141,0
DA:142,0
DA:144,0
DA:148,1
DA:149,2
DA:152,5
DA:153,0
DA:158,1
DA:160,3
DA:167,0
DA:174,0
DA:175,0
DA:180,0
DA:181,0
DA:182,0
DA:184,0
DA:190,1
DA:191,1
DA:197,0
DA:206,0
DA:207,0
DA:209,0
DA:210,0
DA:215,0
DA:217,0
DA:223,0
DA:226,0
DA:235,0
DA:236,0
DA:239,0
DA:240,0
DA:241,0
DA:243,0
DA:252,0
DA:262,0
DA:263,0
DA:265,0
DA:266,0
DA:271,0
DA:273,0
DA:277,0
DA:285,0
DA:295,0
DA:296,0
DA:299,0
DA:300,0
DA:301,0
DA:304,0
DA:313,0
DA:314,0
DA:315,0
DA:317,0
DA:318,0
DA:323,0
DA:325,0
DA:329,0
DA:338,0
DA:339,0
DA:340,0
DA:347,0
DA:348,0
DA:349,0
DA:353,0
DA:362,0
DA:363,0
DA:364,0
DA:366,0
DA:367,0
DA:372,0
DA:374,0
DA:378,0
DA:387,0
DA:388,0
DA:389,0
DA:396,0
DA:397,0
DA:398,0
DA:402,0
DA:411,0
DA:412,0
DA:413,0
DA:415,0
DA:416,0
DA:421,0
DA:423,0
DA:427,0
DA:435,0
DA:436,0
DA:437,0
DA:440,0
DA:441,0
DA:442,0
DA:445,0
DA:452,0
DA:453,0
DA:454,0
DA:456,0
DA:457,0
DA:462,0
DA:464,0
DA:468,0
DA:476,0
DA:477,0
DA:478,0
DA:481,0
DA:482,0
DA:483,0
DA:486,0
DA:493,0
DA:494,0
DA:506,2
DA:507,1
DA:512,0
DA:513,0
DA:514,0
DA:516,0
DA:517,0
DA:519,0
DA:522,0
DA:523,0
DA:524,0
DA:525,0
DA:528,0
DA:529,0
DA:530,0
LF:155
LH:29
end_of_record
SF:lib/models/cron_job.dart
DA:7,2
DA:9,6
DA:10,4
DA:34,2
DA:35,2
LF:5
LH:5
end_of_record
SF:lib/models/cron_job.g.dart
DA:9,2
DA:10,2
DA:11,2
DA:12,2
DA:13,2
DA:14,2
DA:15,4
DA:16,4
DA:17,2
DA:18,4
DA:19,2
DA:21,2
DA:22,2
DA:23,2
DA:24,2
DA:25,4
DA:26,2
DA:27,2
DA:30,0
DA:31,0
DA:32,0
DA:33,0
DA:34,0
DA:35,0
DA:36,0
DA:37,0
DA:38,0
DA:39,0
DA:40,0
DA:41,0
DA:42,0
DA:43,0
DA:44,0
DA:45,0
LF:34
LH:18
end_of_record
SF:lib/features/tasks/data/task_repository.dart
DA:17,0
DA:23,0
DA:24,0
DA:26,0
DA:27,0
DA:29,0
DA:31,0
DA:33,0
DA:34,0
DA:38,0
DA:39,0
DA:40,0
DA:41,0
DA:42,0
DA:43,0
DA:48,0
DA:49,0
DA:51,0
DA:52,0
DA:53,0
DA:54,0
DA:55,0
DA:56,0
DA:64,0
DA:73,0
DA:75,0
DA:79,0
DA:80,0
DA:81,0
DA:82,0
DA:83,0
DA:85,0
DA:86,0
DA:87,0
DA:88,0
DA:89,0
DA:90,0
DA:98,0
DA:109,0
DA:111,0
DA:112,0
DA:113,0
DA:114,0
DA:115,0
DA:116,0
DA:117,0
DA:118,0
DA:119,0
DA:122,0
DA:123,0
DA:124,0
DA:125,0
DA:126,0
DA:127,0
DA:134,0
DA:135,0
DA:137,0
DA:138,0
DA:139,0
DA:140,0
DA:141,0
DA:148,0
DA:149,0
DA:152,0
DA:153,0
DA:154,0
DA:155,0
DA:156,0
DA:157,0
DA:162,0
DA:163,0
DA:164,0
DA:168,0
DA:169,0
DA:170,0
DA:175,0
DA:176,0
DA:177,0
DA:178,0
DA:180,0
DA:181,0
DA:182,0
DA:183,0
DA:184,0
DA:185,0
DA:188,0
DA:189,0
DA:190,0
DA:193,0
DA:194,0
DA:197,0
DA:201,0
LF:92
LH:0
end_of_record
SF:lib/features/tasks/presentation/task_list_screen.dart
DA:27,1
DA:29,1
DA:30,1
DA:34,1
DA:36,1
DA:38,3
DA:39,5
DA:45,0
DA:46,0
DA:49,0
DA:50,0
DA:55,1
DA:57,3
DA:58,1
DA:60,1
DA:62,1
DA:65,1
DA:67,3
DA:73,1
DA:74,1
DA:75,1
DA:77,1
DA:84,1
DA:85,1
DA:86,1
DA:87,1
DA:88,0
DA:89,0
DA:90,0
DA:91,0
DA:92,0
DA:93,0
DA:94,0
DA:96,0
DA:102,1
DA:103,1
DA:104,1
DA:106,1
DA:107,1
DA:110,1
DA:113,1
DA:115,3
DA:126,0
DA:127,0
DA:130,0
DA:136,0
DA:137,0
DA:138,0
DA:140,0
DA:142,0
DA:143,0
DA:146,0
DA:149,0
DA:151,0
DA:156,0
DA:158,0
DA:159,0
DA:160,0
DA:168,0
DA:169,0
DA:170,0
DA:172,0
DA:182,0
DA:183,0
DA:184,0
DA:186,0
DA:188,0
DA:189,0
DA:192,0
DA:195,0
DA:197,0
DA:202,0
DA:204,0
DA:210,0
DA:211,0
DA:213,0
DA:223,0
DA:224,0
DA:227,0
DA:228,0
DA:230,0
DA:231,0
DA:232,0
DA:233,0
DA:234,0
DA:237,0
DA:238,0
DA:239,0
DA:240,0
DA:241,0
DA:242,0
DA:243,0
DA:245,0
DA:248,0
DA:256,0
DA:257,0
DA:258,0
DA:259,0
DA:261,0
DA:263,0
DA:265,0
DA:267,0
DA:269,0
DA:270,0
DA:271,0
DA:272,0
DA:274,0
DA:277,0
DA:278,0
DA:279,0
DA:282,0
DA:288,0
DA:289,0
DA:306,0
DA:317,0
DA:319,0
DA:321,0
DA:323,0
DA:324,0
DA:325,0
DA:326,0
DA:328,0
DA:330,0
DA:332,0
DA:333,0
DA:334,0
DA:335,0
DA:336,0
DA:337,0
DA:346,0
DA:351,0
DA:353,0
DA:354,0
DA:355,0
DA:363,0
DA:366,0
DA:367,0
DA:368,0
DA:374,0
DA:375,0
DA:376,0
DA:381,0
DA:382,0
DA:388,0
DA:389,0
DA:390,0
DA:398,0
DA:401,0
DA:402,0
DA:403,0
DA:404,0
DA:410,0
DA:411,0
DA:412,0
DA:419,0
DA:422,0
DA:424,0
DA:425,0
DA:426,0
DA:434,0
DA:435,0
DA:439,0
DA:442,0
DA:443,0
DA:444,0
DA:446,0
DA:449,0
DA:452,0
DA:470,0
DA:472,0
DA:474,0
DA:476,0
DA:478,0
DA:479,0
DA:480,0
DA:481,0
DA:482,0
DA:485,0
DA:487,0
DA:488,0
DA:491,0
DA:497,0
DA:499,0
DA:510,0
DA:511,0
DA:515,0
DA:518,0
DA:519,0
DA:521,0
DA:522,0
DA:524,0
DA:526,0
DA:542,0
DA:549,0
DA:551,0
DA:552,0
DA:554,0
DA:555,0
DA:557,0
DA:560,0
DA:562,0
DA:563,0
DA:564,0
DA:565,0
DA:576,0
DA:578,0
DA:580,0
DA:582,0
DA:584,0
DA:586,0
DA:589,0
DA:591,0
DA:596,0
DA:599,0
DA:600,0
DA:601,0
DA:606,0
DA:608,0
DA:610,0
DA:614,0
DA:615,0
DA:616,0
LF:222
LH:30
end_of_record
SF:lib/features/chat/providers/chat_provider.dart
DA:27,2
DA:39,1
DA:53,1
DA:54,1
DA:57,1
DA:58,1
DA:59,1
DA:61,1
DA:62,1
DA:63,1
DA:64,1
DA:65,1
DA:85,1
DA:88,3
DA:89,1
DA:90,1
DA:101,0
DA:102,0
DA:104,0
DA:107,0
DA:108,0
DA:109,0
DA:112,0
DA:120,0
DA:121,0
DA:122,0
DA:126,0
DA:129,0
DA:131,0
DA:132,0
DA:133,0
DA:135,0
DA:143,0
DA:144,0
DA:146,0
DA:148,0
DA:151,0
DA:152,0
DA:156,0
DA:159,0
DA:160,0
DA:161,0
DA:169,1
DA:170,2
DA:171,1
DA:172,3
DA:190,1
DA:191,1
DA:192,3
DA:198,0
DA:199,0
DA:200,0
DA:205,0
DA:206,0
DA:213,0
DA:214,0
DA:219,0
DA:220,0
DA:223,0
DA:226,0
DA:230,0
DA:233,0
DA:237,0
DA:238,0
DA:244,0
DA:248,0
DA:250,0
DA:254,0
DA:255,0
DA:256,0
DA:257,0
DA:263,0
DA:264,0
DA:268,0
DA:270,0
DA:274,0
DA:275,0
DA:276,0
DA:279,0
DA:282,0
DA:285,0
DA:292,1
DA:293,2
DA:295,1
DA:296,1
DA:297,1
DA:300,3
DA:301,1
DA:302,0
DA:307,3
DA:313,0
DA:314,0
DA:316,0
DA:317,0
DA:319,0
DA:326,0
DA:327,0
DA:332,0
DA:333,0
DA:334,0
DA:342,1
DA:343,3
DA:349,1
DA:350,3
DA:356,0
DA:358,0
DA:359,0
DA:361,0
DA:362,0
DA:364,0
DA:368,0
DA:369,0
DA:374,0
DA:375,0
DA:376,0
DA:378,0
DA:379,0
DA:381,0
DA:382,0
DA:385,0
DA:389,0
DA:390,0
DA:393,0
DA:394,0
DA:396,0
DA:398,0
DA:401,0
DA:402,0
DA:406,0
DA:407,0
DA:408,0
DA:410,0
DA:411,0
DA:414,0
DA:415,0
DA:416,0
DA:421,0
DA:422,0
DA:424,0
DA:425,0
DA:428,0
DA:436,0
DA:437,0
DA:439,0
DA:440,0
DA:442,0
DA:443,0
DA:444,0
DA:449,0
DA:456,0
DA:457,0
DA:458,0
DA:459,0
DA:460,0
DA:461,0
DA:463,0
DA:467,0
DA:468,0
DA:476,2
DA:477,1
LF:160
LH:37
end_of_record
SF:lib/models/chat_message.dart
DA:7,2
DA:9,3
DA:10,2
DA:28,2
DA:29,2
DA:41,1
DA:42,1
DA:53,1
DA:54,1
LF:9
LH:9
end_of_record
SF:lib/models/chat_message.g.dart
DA:9,2
DA:10,2
DA:11,2
DA:12,2
DA:13,2
DA:14,2
DA:15,4
DA:16,2
DA:17,3
DA:18,1
DA:20,2
DA:21,2
DA:24,0
DA:25,0
DA:26,0
DA:27,0
DA:28,0
DA:29,0
DA:30,0
DA:31,0
DA:32,0
DA:33,0
DA:36,1
DA:37,1
DA:38,1
DA:39,1
DA:41,2
DA:44,0
DA:45,0
DA:46,0
DA:47,0
DA:48,0
DA:51,1
DA:53,1
DA:54,1
DA:55,1
DA:58,0
DA:60,0
DA:61,0
DA:62,0
LF:40
LH:21
end_of_record
SF:lib/models/model_info.dart
DA:17,2
DA:18,2
LF:2
LH:2
end_of_record
SF:lib/models/model_info.g.dart
DA:9,2
DA:10,2
DA:11,2
DA:12,2
DA:13,3
DA:14,2
DA:17,0
DA:18,0
DA:19,0
DA:20,0
DA:21,0
DA:22,0
LF:12
LH:6
end_of_record
SF:lib/features/chat/data/chat_repository.dart
DA:25,0
DA:39,0
DA:40,0
DA:43,0
DA:44,0
DA:45,0
DA:48,0
DA:49,0
DA:50,0
DA:53,0
DA:54,0
DA:61,0
DA:62,0
DA:63,0
DA:66,0
DA:67,0
DA:69,0
DA:70,0
DA:73,0
DA:74,0
DA:75,0
DA:78,0
DA:79,0
DA:80,0
DA:96,0
DA:101,0
DA:102,0
DA:104,0
DA:107,0
DA:108,0
DA:112,0
DA:117,0
DA:123,0
DA:125,0
DA:133,0
DA:138,0
DA:139,0
DA:141,0
DA:146,0
DA:147,0
DA:148,0
DA:158,0
DA:162,0
DA:163,0
DA:166,0
DA:168,0
DA:169,0
DA:174,0
DA:179,0
DA:180,0
DA:181,0
DA:182,0
DA:185,0
DA:188,0
DA:189,0
DA:190,0
DA:197,0
DA:198,0
DA:199,0
DA:203,0
DA:204,0
DA:205,0
LF:62
LH:0
end_of_record
SF:lib/features/memory/presentation/memory_screen.dart
DA:22,1
DA:24,1
DA:25,1
DA:32,1
DA:34,2
DA:35,1
DA:38,1
DA:39,2
DA:40,2
DA:41,2
DA:42,3
DA:43,1
DA:44,1
DA:47,1
DA:49,3
DA:50,1
DA:52,1
DA:54,1
DA:57,1
DA:59,3
DA:65,1
DA:67,0
DA:70,1
DA:71,1
DA:73,1
DA:74,1
DA:75,1
DA:76,1
DA:82,1
DA:83,1
DA:84,0
DA:85,1
DA:86,2
DA:87,1
DA:88,1
DA:89,1
DA:91,1
DA:92,3
DA:93,1
DA:95,1
DA:106,1
DA:107,1
DA:109,1
DA:110,1
DA:111,1
DA:112,1
DA:114,1
DA:116,2
DA:117,1
DA:119,0
DA:120,0
DA:121,0
DA:127,1
DA:128,1
DA:131,1
DA:132,1
DA:135,1
DA:136,1
DA:140,1
DA:141,3
DA:147,1
DA:148,1
DA:150,0
DA:151,1
DA:153,1
DA:154,1
DA:155,1
DA:156,1
DA:164,0
DA:170,1
DA:171,1
DA:172,1
DA:174,1
DA:176,1
DA:177,1
DA:183,1
DA:185,3
DA:191,1
DA:193,3
DA:204,1
DA:205,1
DA:206,1
DA:208,1
DA:210,1
DA:211,1
DA:217,1
DA:218,2
DA:219,3
DA:230,1
DA:231,1
DA:232,1
DA:234,1
DA:236,1
DA:243,1
DA:245,3
DA:251,1
DA:253,3
DA:261,1
DA:262,0
DA:264,1
DA:277,1
DA:279,1
DA:281,1
DA:283,1
DA:286,1
DA:287,1
DA:290,1
DA:292,1
DA:294,1
DA:296,1
DA:297,2
DA:298,3
DA:307,2
DA:308,5
DA:310,1
DA:311,2
DA:312,3
DA:321,3
DA:323,1
DA:324,1
DA:325,1
DA:331,1
DA:332,3
DA:333,3
LF:124
LH:116
end_of_record
SF:lib/features/memory/providers/memory_provider.dart
DA:16,3
DA:17,0
DA:18,0
DA:20,0
DA:22,0
DA:25,0
DA:27,0
DA:28,0
DA:29,0
DA:30,0
DA:33,0
DA:34,0
DA:35,0
LF:13
LH:1
end_of_record
SF:lib/models/memory_entry.dart
DA:20,2
DA:30,1
DA:31,1
DA:32,3
DA:33,3
DA:34,1
DA:35,2
DA:36,3
DA:37,3
DA:41,1
DA:43,1
DA:45,2
DA:53,1
DA:54,1
DA:55,1
DA:57,3
DA:58,1
DA:60,1
DA:61,2
DA:62,1
DA:64,3
DA:65,1
DA:68,1
DA:73,1
DA:76,7
DA:78,0
DA:79,0
DA:81,0
DA:82,0
LF:29
LH:25
end_of_record
SF:lib/features/chat/providers/stream_provider.dart
DA:25,1
DA:28,3
DA:31,4
DA:40,1
DA:46,1
DA:48,2
DA:49,1
DA:51,2
DA:52,1
DA:53,2
DA:59,2
DA:65,2
DA:66,1
DA:67,3
DA:69,1
DA:70,2
DA:73,0
DA:74,0
DA:75,0
DA:76,0
DA:77,0
DA:78,0
DA:82,1
DA:83,2
DA:84,3
DA:85,2
DA:91,2
DA:95,1
DA:96,2
DA:98,2
DA:99,1
DA:100,2
DA:102,3
DA:103,2
DA:104,1
DA:109,1
DA:110,1
DA:111,2
DA:118,1
DA:119,4
DA:120,2
DA:122,2
DA:123,1
DA:124,2
LF:44
LH:38
end_of_record
SF:lib/features/chat/presentation/chat_input.dart
DA:24,1
DA:34,1
DA:36,5
DA:38,1
DA:39,1
DA:45,1
DA:49,4
DA:51,1
DA:53,1
DA:55,1
DA:57,1
DA:58,1
DA:60,1
DA:61,1
DA:62,1
DA:63,1
DA:68,1
DA:80,1
DA:82,1
DA:84,1
DA:85,1
DA:86,1
DA:91,3
DA:92,0
DA:93,0
DA:94,0
DA:95,4
DA:98,1
DA:101,4
DA:110,1
DA:111,1
DA:116,1
DA:117,1
DA:122,1
DA:123,1
DA:135,1
DA:136,1
DA:137,1
DA:140,1
DA:150,1
DA:154,1
DA:155,1
DA:158,1
DA:162,1
DA:170,1
DA:181,1
DA:182,1
DA:184,3
DA:185,1
DA:186,1
DA:187,1
DA:188,1
DA:189,1
DA:204,1
DA:210,1
DA:212,1
DA:214,1
DA:216,1
DA:217,1
DA:218,2
DA:219,0
DA:221,0
DA:222,0
DA:223,0
DA:226,1
DA:228,1
DA:229,1
DA:230,1
DA:231,1
DA:236,1
DA:238,1
DA:245,1
DA:247,4
LF:73
LH:66
end_of_record
SF:lib/features/chat/presentation/message_bubble.dart
DA:21,1
DA:23,1
DA:25,1
DA:26,0
DA:27,1
DA:29,2
DA:30,3
DA:31,3
DA:32,3
DA:33,2
DA:39,0
DA:40,0
DA:41,0
DA:55,1
DA:57,1
DA:59,1
DA:62,1
DA:63,1
DA:65,1
DA:69,1
DA:78,1
DA:80,1
DA:81,1
DA:82,2
DA:83,4
DA:88,3
DA:103,1
DA:105,1
DA:107,1
DA:110,1
DA:112,1
DA:114,1
DA:117,1
DA:119,4
DA:126,1
DA:128,1
DA:132,1
DA:140,1
DA:145,1
DA:147,1
DA:148,3
DA:149,3
DA:150,2
DA:151,1
DA:155,5
DA:156,1
DA:158,4
DA:163,1
DA:164,3
DA:179,1
DA:181,1
DA:183,1
DA:185,1
DA:186,1
DA:190,1
DA:191,1
DA:192,1
DA:193,1
DA:194,1
DA:198,1
DA:200,1
DA:201,1
DA:207,1
DA:208,1
DA:209,2
DA:210,4
DA:217,3
DA:219,1
DA:222,1
DA:223,1
DA:224,1
DA:226,1
DA:227,2
DA:228,4
DA:248,1
DA:250,1
DA:252,1
DA:253,1
DA:257,1
DA:258,2
DA:260,4
DA:275,1
DA:277,1
DA:279,1
DA:281,0
DA:282,0
DA:283,0
DA:294,1
DA:296,1
DA:297,1
DA:304,1
DA:306,1
DA:307,2
DA:310,1
DA:313,1
DA:315,2
DA:316,1
DA:319,1
DA:321,1
DA:322,1
DA:323,1
DA:324,1
DA:325,1
DA:326,1
DA:327,1
DA:329,1
DA:330,1
DA:332,1
DA:334,1
DA:341,1
DA:342,5
DA:343,4
DA:344,1
DA:345,0
DA:352,1
DA:354,1
DA:356,1
DA:357,1
DA:358,1
LF:119
LH:111
end_of_record
SF:lib/features/chat/presentation/model_selector.dart
DA:15,1
DA:23,0
DA:29,0
DA:35,0
DA:43,1
DA:45,1
DA:46,1
DA:48,1
DA:51,1
DA:53,1
DA:54,1
DA:57,1
DA:59,1
DA:66,1
DA:68,1
DA:70,4
DA:78,2
DA:79,1
DA:81,1
DA:82,1
DA:84,4
DA:91,1
DA:92,1
DA:95,2
DA:96,1
DA:98,1
DA:99,2
DA:100,3
DA:102,1
DA:103,1
DA:111,1
DA:112,1
DA:113,4
DA:122,1
DA:123,1
DA:124,1
DA:125,1
DA:126,1
DA:127,1
DA:128,1
DA:133,1
DA:134,3
DA:135,1
LF:43
LH:40
end_of_record
SF:lib/core/utils/markdown_renderer.dart
DA:13,1
DA:19,1
DA:21,1
DA:22,1
DA:24,1
DA:28,1
DA:29,1
DA:30,1
DA:31,1
DA:32,3
DA:36,3
DA:39,3
DA:42,3
DA:45,3
DA:50,1
DA:58,1
DA:61,1
DA:74,3
DA:77,3
DA:80,3
DA:83,1
DA:86,1
DA:87,1
DA:88,1
LF:24
LH:24
end_of_record
SF:lib/features/workspace/providers/workspace_provider.dart
DA:9,4
DA:10,2
DA:11,1
DA:16,2
DA:17,2
DA:18,2
DA:19,1
DA:24,0
DA:25,0
DA:26,0
DA:27,0
DA:41,1
DA:47,1
DA:53,1
DA:54,1
DA:55,1
DA:57,1
DA:64,2
DA:70,1
DA:71,3
DA:73,3
DA:74,1
DA:76,2
DA:77,1
DA:79,3
DA:88,1
DA:89,3
DA:91,4
DA:92,1
DA:94,2
DA:95,1
DA:97,3
DA:106,1
DA:108,1
DA:109,1
DA:111,4
DA:113,1
DA:115,2
DA:116,1
DA:118,3
DA:127,1
DA:128,3
DA:130,3
DA:132,2
DA:133,1
DA:135,3
DA:139,1
DA:140,3
DA:147,0
DA:148,0
DA:149,0
DA:154,1
DA:155,1
DA:156,5
DA:162,4
DA:163,2
LF:56
LH:49
end_of_record
SF:lib/features/workspace/data/workspace_repository.dart
DA:16,2
DA:22,2
DA:23,2
DA:25,2
DA:28,0
DA:30,0
DA:32,0
DA:34,0
DA:36,0
DA:37,0
DA:38,0
DA:42,0
DA:43,0
DA:49,1
DA:50,1
DA:52,1
DA:55,0
DA:57,0
DA:58,0
DA:61,0
DA:62,0
DA:64,0
DA:65,0
DA:69,0
DA:70,0
DA:73,0
DA:77,0
DA:78,0
DA:79,0
DA:80,0
DA:82,0
DA:83,0
LF:32
LH:7
end_of_record
SF:lib/models/workspace_entry.dart
DA:18,1
DA:19,1
LF:2
LH:2
end_of_record
SF:lib/models/workspace_entry.g.dart
DA:9,1
DA:10,1
DA:11,1
DA:12,1
DA:13,2
DA:14,1
DA:15,1
DA:18,0
DA:20,0
DA:21,0
DA:22,0
DA:23,0
DA:24,0
DA:25,0
LF:14
LH:7
end_of_record
SF:lib/features/connection/presentation/server_list_screen.dart
DA:21,1
DA:23,1
DA:25,2
DA:26,1
DA:28,1
DA:30,1
DA:33,1
DA:35,3
DA:40,1
DA:42,0
DA:45,1
DA:49,1
DA:56,1
DA:63,2
DA:64,1
DA:68,1
DA:70,0
DA:71,1
DA:73,2
DA:74,1
DA:75,2
DA:76,4
DA:78,1
DA:79,2
DA:81,0
DA:82,1
DA:86,1
DA:87,1
DA:88,1
DA:92,1
DA:95,0
DA:103,1
DA:104,1
DA:105,1
DA:107,1
DA:109,1
DA:110,1
DA:116,1
DA:118,3
DA:124,1
DA:126,3
DA:132,1
DA:133,0
DA:135,1
DA:136,1
DA:149,0
DA:154,0
DA:155,0
DA:156,0
DA:160,0
DA:166,0
DA:168,0
DA:170,0
DA:171,0
DA:172,0
DA:174,0
DA:177,0
DA:179,0
DA:180,0
DA:181,0
DA:182,0
DA:184,0
DA:187,0
DA:188,0
DA:189,0
DA:191,0
DA:198,0
DA:199,0
DA:212,1
DA:218,1
DA:220,1
DA:222,1
DA:223,1
DA:224,1
DA:227,1
DA:228,1
DA:229,1
DA:230,1
DA:231,1
DA:234,1
DA:235,1
DA:236,1
DA:237,1
DA:239,1
DA:240,1
DA:242,1
DA:245,1
DA:246,1
DA:247,1
DA:248,0
DA:249,1
DA:251,1
DA:252,1
DA:253,1
DA:261,1
DA:262,1
DA:264,1
DA:265,1
DA:266,2
DA:267,3
DA:275,1
DA:276,2
DA:277,3
DA:284,3
DA:286,1
DA:287,3
DA:288,3
DA:299,1
DA:300,1
DA:305,1
DA:306,1
DA:307,1
DA:309,1
DA:311,1
DA:319,1
DA:320,1
DA:332,1
DA:333,1
DA:334,1
DA:336,2
DA:337,0
DA:338,0
DA:339,0
DA:340,0
LF:124
LH:91
end_of_record
SF:lib/features/workspace/presentation/workspace_screen.dart
DA:23,1
DA:25,1
DA:26,1
DA:30,1
DA:32,3
DA:33,1
DA:35,1
DA:37,1
DA:40,1
DA:42,3
DA:48,1
DA:49,1
DA:51,0
DA:52,0
DA:53,0
DA:58,1
DA:59,1
DA:61,1
DA:64,1
DA:65,1
DA:66,0
DA:67,1
DA:76,1
DA:77,1
DA:80,1
DA:82,1
DA:83,1
DA:86,1
DA:88,1
DA:89,1
DA:91,1
DA:93,2
DA:94,0
DA:95,0
DA:96,0
DA:97,0
DA:101,3
DA:102,0
DA:103,0
DA:105,0
DA:106,0
DA:111,0
DA:112,0
DA:114,0
DA:115,0
DA:116,0
DA:117,0
DA:131,1
DA:134,5
DA:136,1
DA:137,2
DA:138,0
DA:139,0
DA:140,0
DA:141,0
DA:143,0
DA:148,0
DA:150,0
DA:152,0
DA:153,0
DA:155,0
DA:156,0
DA:157,0
DA:158,0
DA:164,0
DA:165,0
DA:167,0
DA:169,0
DA:170,0
DA:171,0
DA:172,0
DA:173,0
DA:175,0
DA:176,0
DA:177,0
DA:187,0
DA:189,0
DA:191,0
DA:192,0
DA:194,0
DA:198,0
DA:199,0
DA:200,0
DA:201,0
DA:202,0
DA:203,0
DA:210,0
DA:212,0
DA:213,0
DA:214,0
DA:215,0
DA:223,0
DA:224,0
DA:225,0
DA:226,0
DA:227,0
DA:234,0
DA:235,0
DA:237,0
DA:239,0
DA:248,0
DA:249,0
DA:250,0
DA:252,0
DA:253,0
DA:255,0
DA:257,0
DA:258,0
DA:264,0
DA:266,0
DA:272,0
DA:274,0
DA:289,1
DA:295,0
DA:296,0
DA:297,0
DA:299,0
DA:301,0
DA:304,0
DA:306,0
DA:312,0
DA:313,0
DA:314,0
DA:322,0
DA:323,0
DA:324,0
DA:327,0
DA:328,0
DA:339,0
DA:340,0
DA:341,0
DA:343,0
DA:345,0
DA:346,0
DA:352,0
DA:354,0
DA:374,1
DA:380,1
DA:382,1
DA:383,1
DA:384,1
DA:386,1
DA:387,1
DA:388,1
DA:389,1
DA:391,1
DA:404,0
DA:406,0
DA:408,0
DA:409,0
DA:410,0
DA:412,0
DA:414,0
DA:424,0
DA:426,0
DA:428,0
DA:429,0
DA:430,0
DA:432,0
DA:433,0
DA:437,0
DA:438,0
DA:439,0
DA:445,0
DA:446,0
DA:447,0
DA:448,0
DA:449,0
DA:450,0
DA:456,0
DA:457,0
DA:458,0
DA:459,0
DA:460,0
DA:467,0
DA:469,0
DA:471,0
DA:472,0
DA:473,0
DA:475,0
DA:477,0
DA:487,0
DA:489,0
DA:493,0
DA:494,0
DA:495,0
DA:496,0
DA:497,0
DA:499,0
LF:189
LH:44
end_of_record
SF:lib/features/skills/data/skills_repository.dart
DA:14,3
DA:20,2
DA:21,2
DA:23,2
DA:26,0
DA:28,0
DA:29,0
DA:30,0
DA:34,0
DA:35,0
LF:10
LH:4
end_of_record
SF:lib/models/skill.dart
DA:20,4
LF:1
LH:1
end_of_record
SF:lib/models/skill.g.dart
DA:9,4
DA:10,2
DA:11,2
DA:12,2
DA:13,2
DA:14,4
DA:15,2
DA:16,4
DA:19,0
DA:20,0
DA:21,0
DA:22,0
DA:23,0
DA:24,0
DA:25,0
DA:26,0
DA:27,0
LF:17
LH:8
end_of_record
SF:lib/features/skills/providers/skills_provider.dart
DA:9,8
DA:10,4
DA:11,2
DA:16,4
DA:17,2
DA:18,1
DA:35,3
DA:43,1
DA:44,1
DA:45,3
DA:47,1
DA:48,2
DA:49,3
DA:50,3
DA:51,1
DA:54,1
DA:55,6
DA:62,2
DA:63,2
DA:64,6
DA:65,4
DA:66,2
DA:67,2
DA:68,2
DA:72,3
DA:74,2
DA:81,2
DA:82,1
DA:83,2
DA:85,2
DA:86,2
DA:93,1
DA:95,1
DA:100,1
DA:101,3
DA:102,2
DA:103,3
DA:107,2
DA:110,0
DA:111,0
DA:115,0
DA:116,0
DA:124,0
DA:125,0
DA:127,0
DA:132,0
DA:133,0
DA:138,0
DA:139,0
DA:140,0
DA:143,0
DA:145,0
DA:147,0
DA:150,0
DA:151,0
DA:152,0
DA:153,0
DA:160,2
DA:161,1
LF:59
LH:40
end_of_record
SF:lib/features/skills/presentation/skills_screen.dart
DA:22,1
DA:24,1
DA:25,1
DA:32,1
DA:34,2
DA:35,1
DA:40,1
DA:42,3
DA:43,3
DA:44,1
DA:47,4
DA:48,5
DA:51,1
DA:53,1
DA:56,1
DA:58,3
DA:65,1
DA:66,1
DA:68,1
DA:71,2
DA:72,0
DA:75,1
DA:76,1
DA:77,2
DA:78,0
DA:79,0
DA:80,0
DA:81,0
DA:83,0
DA:94,1
DA:95,1
DA:97,1
DA:98,1
DA:99,0
DA:100,0
DA:102,1
DA:103,1
DA:105,1
DA:106,1
DA:107,2
DA:108,0
DA:110,0
DA:111,0
DA:112,0
DA:113,0
DA:114,0
DA:115,0
DA:122,1
DA:123,1
DA:124,1
DA:126,1
DA:127,1
DA:128,1
DA:130,1
DA:131,1
DA:139,0
DA:140,0
DA:142,0
DA:145,0
DA:146,0
DA:149,0
DA:150,0
DA:151,0
DA:154,0
DA:155,0
DA:158,0
DA:159,0
DA:160,0
DA:169,0
DA:175,0
DA:177,0
DA:178,0
DA:180,0
DA:183,0
DA:188,0
DA:195,0
DA:196,0
DA:198,0
DA:199,0
DA:202,0
DA:204,0
DA:205,0
DA:206,0
DA:207,0
DA:208,0
DA:210,0
DA:214,0
DA:215,0
DA:216,0
DA:219,0
DA:220,0
DA:221,0
DA:222,0
DA:231,1
DA:232,1
DA:233,1
DA:235,1
DA:238,1
DA:240,3
DA:249,0
DA:250,0
DA:251,0
DA:253,0
DA:255,0
DA:258,0
DA:260,0
DA:266,0
DA:267,0
DA:268,0
DA:276,0
DA:277,0
DA:279,0
DA:280,0
DA:291,0
DA:292,0
DA:293,0
DA:295,0
DA:297,0
DA:298,0
DA:304,0
DA:306,0
DA:312,0
DA:314,0
DA:325,0
DA:326,0
DA:327,0
DA:329,0
DA:331,0
DA:332,0
DA:334,0
DA:336,0
DA:342,0
DA:343,0
DA:344,0
DA:345,0
DA:346,0
DA:347,0
DA:348,0
DA:367,0
DA:375,0
DA:377,0
DA:379,0
DA:382,0
DA:383,0
DA:384,0
DA:386,0
DA:387,0
DA:388,0
DA:389,0
DA:391,0
DA:393,0
DA:395,0
DA:396,0
DA:398,0
DA:401,0
DA:410,0
DA:411,0
DA:412,0
DA:420,0
DA:421,0
DA:422,0
DA:423,0
DA:432,0
DA:433,0
DA:435,0
DA:444,0
DA:446,0
DA:449,0
DA:450,0
DA:451,0
DA:452,0
DA:455,0
DA:456,0
DA:457,0
DA:460,0
DA:461,0
DA:462,0
DA:470,0
DA:472,0
DA:474,0
DA:476,0
DA:477,0
DA:478,0
DA:479,0
DA:480,0
DA:484,0
DA:486,0
DA:487,0
DA:488,0
DA:491,0
DA:492,0
DA:494,0
DA:504,0
DA:511,0
DA:513,0
DA:514,0
DA:515,0
DA:535,0
DA:537,0
DA:539,0
DA:541,0
DA:542,0
DA:543,0
DA:544,0
DA:546,0
DA:547,0
DA:548,0
DA:550,0
LF:208
LH:46
end_of_record
SF:lib/app.dart
DA:10,1
DA:12,1
DA:14,1
DA:17,1
DA:18,1
DA:29,1
DA:32,2
DA:33,3
LF:8
LH:8
end_of_record
SF:lib/core/router/app_router.dart
DA:17,0
DA:18,0
DA:19,0
DA:22,3
DA:23,3
DA:29,3
DA:30,1
DA:32,1
DA:34,1
DA:36,1
DA:40,1
DA:41,1
DA:42,0
DA:43,1
DA:44,1
DA:46,0
DA:50,1
DA:52,0
DA:55,1
DA:56,1
DA:58,0
DA:59,0
DA:64,1
DA:66,0
DA:69,1
DA:71,1
DA:73,0
DA:75,1
DA:77,0
DA:78,0
DA:80,1
DA:81,1
DA:83,0
DA:84,0
DA:91,1
DA:93,0
DA:97,1
DA:99,0
DA:107,1
DA:109,0
DA:111,1
DA:113,0
DA:115,1
DA:117,0
DA:119,1
DA:121,0
DA:123,1
DA:125,0
DA:134,0
DA:136,0
DA:138,0
DA:139,0
DA:140,0
DA:147,0
DA:149,0
DA:152,0
DA:154,0
DA:156,0
DA:158,0
DA:164,0
DA:166,0
DA:168,0
DA:169,0
DA:170,0
DA:171,0
DA:172,0
DA:173,0
DA:174,0
DA:175,0
DA:176,0
DA:177,0
DA:214,1
DA:216,0
DA:217,0
DA:221,1
DA:223,0
DA:224,0
LF:77
LH:29
end_of_record
SF:lib/core/theme/app_theme.dart
DA:14,1
DA:15,1
DA:28,1
DA:33,1
DA:34,1
DA:37,1
DA:39,3
DA:43,1
DA:44,1
DA:50,3
DA:54,3
DA:58,1
DA:61,1
DA:62,1
DA:66,1
DA:69,1
DA:70,1
DA:73,1
DA:74,1
DA:77,1
DA:78,1
DA:81,1
DA:82,1
DA:87,3
DA:91,1
DA:92,1
DA:98,1
DA:99,1
DA:101,3
DA:106,1
DA:107,1
DA:111,1
DA:112,1
DA:124,1
DA:126,1
DA:127,3
DA:131,3
DA:135,1
DA:136,1
DA:144,1
DA:146,1
DA:147,1
DA:150,1
DA:153,3
DA:157,1
DA:158,1
LF:46
LH:46
end_of_record
SF:lib/features/sessions/presentation/session_detail_screen.dart
DA:19,0
DA:21,0
DA:23,0
DA:29,0
DA:31,0
DA:32,0
DA:33,0
DA:36,0
DA:37,0
DA:38,0
DA:39,0
DA:40,0
DA:41,0
DA:50,0
DA:51,0
DA:52,0
DA:53,0
DA:58,0
DA:59,0
DA:60,0
DA:61,0
DA:65,0
DA:67,0
DA:70,0
DA:73,0
DA:74,0
DA:75,0
DA:77,0
DA:82,0
DA:83,0
DA:84,0
DA:85,0
DA:92,0
DA:94,0
DA:95,0
DA:97,0
DA:99,0
DA:101,0
DA:103,0
DA:108,0
DA:113,0
DA:118,0
DA:123,0
DA:126,0
DA:127,0
DA:128,0
DA:132,0
DA:135,0
DA:136,0
DA:150,0
DA:152,0
DA:154,0
DA:156,0
DA:157,0
DA:158,0
DA:160,0
DA:163,0
DA:165,0
DA:167,0
DA:169,0
DA:170,0
DA:171,0
DA:172,0
DA:182,0
DA:183,0
DA:184,0
DA:185,0
DA:186,0
DA:187,0
DA:189,0
DA:190,0
DA:191,0
DA:192,0
DA:194,0
DA:203,0
DA:215,0
DA:217,0
DA:219,0
DA:225,0
DA:227,0
DA:228,0
DA:229,0
DA:235,0
DA:238,0
DA:239,0
DA:240,0
DA:241,0
DA:243,0
DA:248,0
DA:250,0
DA:253,0
DA:255,0
DA:256,0
DA:257,0
DA:259,0
DA:260,0
DA:269,0
DA:270,0
DA:272,0
DA:273,0
DA:275,0
DA:277,0
DA:287,0
DA:293,0
DA:294,0
DA:295,0
DA:296,0
DA:297,0
DA:298,0
DA:300,0
DA:301,0
DA:302,0
DA:303,0
DA:304,0
DA:309,0
DA:310,0
DA:311,0
DA:312,0
DA:314,0
DA:315,0
DA:316,0
DA:317,0
DA:318,0
DA:323,0
DA:324,0
DA:328,0
DA:329,0
DA:330,0
DA:331,0
DA:332,0
DA:337,0
DA:338,0
DA:342,0
DA:343,0
DA:344,0
DA:345,0
DA:346,0
DA:356,0
DA:357,0
DA:359,0
DA:360,0
DA:363,0
DA:365,0
DA:367,0
DA:368,0
DA:370,0
DA:376,0
DA:377,0
DA:379,0
DA:380,0
DA:382,0
DA:387,0
DA:388,0
DA:390,0
DA:395,0
DA:397,0
DA:400,0
DA:402,0
DA:410,0
DA:411,0
DA:413,0
DA:414,0
DA:416,0
DA:418,0
DA:423,0
DA:424,0
DA:426,0
DA:437,0
DA:438,0
DA:440,0
DA:441,0
DA:444,0
DA:446,0
DA:448,0
DA:449,0
DA:451,0
DA:457,0
DA:458,0
DA:460,0
DA:462,0
DA:469,0
DA:470,0
DA:472,0
DA:484,0
DA:492,0
DA:493,0
DA:494,0
DA:496,0
DA:498,0
DA:505,0
DA:507,0
DA:513,0
DA:515,0
DA:523,0
DA:525,0
DA:526,0
DA:527,0
DA:528,0
DA:534,0
DA:535,0
DA:536,0
DA:537,0
DA:539,0
DA:555,0
DA:556,0
DA:558,0
DA:559,0
DA:560,0
DA:562,0
DA:570,0
DA:571,0
DA:572,0
DA:573,0
DA:574,0
DA:575,0
DA:576,0
DA:580,0
DA:581,0
DA:582,0
DA:583,0
DA:585,0
DA:586,0
DA:587,0
DA:588,0
DA:597,0
DA:598,0
DA:599,0
DA:600,0
DA:603,0
DA:604,0
DA:605,0
DA:606,0
DA:607,0
DA:608,0
DA:609,0
DA:613,0
DA:614,0
DA:615,0
DA:616,0
DA:617,0
DA:618,0
DA:619,0
DA:620,0
DA:621,0
DA:625,0
DA:646,0
DA:654,0
DA:656,0
DA:657,0
DA:658,0
DA:659,0
DA:660,0
DA:661,0
DA:664,0
DA:665,0
DA:668,0
DA:669,0
DA:670,0
DA:672,0
DA:673,0
LF:260
LH:0
end_of_record
SF:lib/features/tasks/presentation/task_detail_screen.dart
DA:29,0
DA:31,0
DA:32,0
DA:36,0
DA:38,0
DA:39,0
DA:41,0
DA:43,0
DA:46,0
DA:49,0
DA:51,0
DA:53,0
DA:57,0
DA:59,0
DA:60,0
DA:61,0
DA:63,0
DA:67,0
DA:68,0
DA:69,0
DA:70,0
DA:75,0
DA:76,0
DA:79,0
DA:80,0
DA:81,0
DA:82,0
DA:84,0
DA:86,0
DA:88,0
DA:90,0
DA:92,0
DA:93,0
DA:94,0
DA:95,0
DA:97,0
DA:100,0
DA:101,0
DA:102,0
DA:105,0
DA:111,0
DA:113,0
DA:114,0
DA:115,0
DA:120,0
DA:122,0
DA:123,0
DA:124,0
DA:125,0
DA:126,0
DA:132,0
DA:136,0
DA:137,0
DA:138,0
DA:140,0
DA:143,0
DA:148,0
DA:150,0
DA:153,0
DA:154,0
DA:155,0
DA:157,0
DA:159,0
DA:161,0
DA:163,0
DA:168,0
DA:172,0
DA:178,0
DA:182,0
DA:188,0
DA:192,0
DA:196,0
DA:198,0
DA:202,0
DA:207,0
DA:209,0
DA:213,0
DA:218,0
DA:220,0
DA:223,0
DA:226,0
DA:228,0
DA:236,0
DA:237,0
DA:239,0
DA:240,0
DA:241,0
DA:243,0
DA:244,0
DA:245,0
DA:246,0
DA:252,0
DA:253,0
DA:254,0
DA:255,0
DA:262,0
DA:267,0
DA:271,0
DA:275,0
DA:277,0
DA:278,0
DA:282,0
DA:283,0
DA:289,0
DA:293,0
DA:295,0
DA:296,0
DA:297,0
DA:298,0
DA:300,0
DA:302,0
DA:313,0
DA:314,0
DA:317,0
DA:319,0
DA:320,0
DA:322,0
DA:323,0
DA:324,0
DA:335,0
DA:336,0
DA:337,0
DA:338,0
DA:341,0
DA:345,0
DA:348,0
DA:351,0
DA:353,0
DA:356,0
DA:366,0
DA:367,0
DA:368,0
DA:369,0
DA:372,0
DA:373,0
DA:377,0
DA:379,0
DA:382,0
DA:392,0
DA:393,0
DA:394,0
DA:395,0
DA:396,0
DA:399,0
DA:402,0
DA:404,0
DA:407,0
DA:411,0
DA:412,0
DA:413,0
DA:414,0
DA:417,0
DA:427,0
DA:428,0
DA:431,0
DA:438,0
DA:439,0
DA:442,0
DA:443,0
DA:444,0
DA:445,0
DA:447,0
DA:449,0
DA:450,0
DA:451,0
DA:452,0
DA:454,0
DA:456,0
DA:464,0
DA:465,0
DA:466,0
DA:478,0
DA:484,0
DA:486,0
DA:487,0
DA:489,0
DA:490,0
DA:491,0
DA:495,0
DA:496,0
DA:498,0
DA:509,0
DA:515,0
DA:517,0
DA:518,0
DA:519,0
DA:520,0
DA:522,0
DA:524,0
DA:539,0
DA:545,0
DA:547,0
DA:549,0
DA:550,0
DA:561,0
DA:562,0
DA:572,0
DA:573,0
DA:574,0
DA:575,0
DA:576,0
DA:578,0
DA:586,0
DA:587,0
DA:589,0
DA:590,0
DA:592,0
DA:602,0
DA:610,0
DA:611,0
DA:612,0
DA:614,0
DA:616,0
DA:617,0
DA:620,0
DA:623,0
DA:625,0
DA:631,0
DA:632,0
DA:633,0
DA:641,0
DA:642,0
DA:643,0
DA:645,0
DA:648,0
DA:649,0
DA:650,0
DA:652,0
DA:663,0
DA:664,0
DA:665,0
DA:667,0
DA:669,0
DA:670,0
DA:673,0
DA:676,0
DA:678,0
DA:683,0
DA:684,0
DA:685,0
DA:687,0
LF:241
LH:0
end_of_record
SF:lib/features/tasks/presentation/task_form_screen.dart
DA:30,1
DA:32,0
DA:33,0
DA:50,0
DA:52,0
DA:53,0
DA:54,0
DA:55,0
DA:56,0
DA:57,0
DA:58,0
DA:59,0
DA:61,0
DA:63,0
DA:64,0
DA:68,0
DA:70,0
DA:71,0
DA:72,0
DA:73,0
DA:74,0
DA:75,0
DA:76,0
DA:77,0
DA:81,0
DA:82,0
DA:83,0
DA:84,0
DA:85,0
DA:86,0
DA:87,0
DA:88,0
DA:89,0
DA:90,0
DA:91,0
DA:92,0
DA:93,0
DA:94,0
DA:103,0
DA:104,0
DA:107,0
DA:113,0
DA:114,0
DA:119,0
DA:120,0
DA:132,0
DA:133,0
DA:135,0
DA:137,0
DA:138,0
DA:140,0
DA:141,0
DA:142,0
DA:143,0
DA:144,0
DA:145,0
DA:146,0
DA:148,0
DA:149,0
DA:150,0
DA:152,0
DA:155,0
DA:156,0
DA:157,0
DA:160,0
DA:161,0
DA:162,0
DA:163,0
DA:164,0
DA:167,0
DA:170,0
DA:171,0
DA:172,0
DA:173,0
DA:174,0
DA:178,0
DA:179,0
DA:182,0
DA:183,0
DA:184,0
DA:189,0
DA:191,0
DA:192,0
DA:193,0
DA:213,0
DA:214,0
DA:219,0
DA:221,0
DA:224,0
DA:225,0
DA:226,0
DA:227,0
DA:229,0
DA:232,0
DA:235,0
DA:245,0
DA:247,0
DA:250,0
DA:253,0
DA:255,0
DA:256,0
DA:257,0
DA:262,0
DA:264,0
DA:265,0
DA:266,0
DA:268,0
DA:270,0
DA:274,0
DA:276,0
DA:282,0
DA:286,0
DA:289,0
DA:290,0
DA:296,0
DA:300,0
DA:302,0
DA:303,0
DA:308,0
DA:313,0
DA:317,0
DA:319,0
DA:325,0
DA:329,0
DA:331,0
DA:337,0
DA:341,0
DA:343,0
DA:349,0
DA:353,0
DA:355,0
DA:361,0
DA:364,0
DA:366,0
DA:367,0
DA:368,0
DA:377,0
DA:378,0
DA:379,0
DA:380,0
DA:381,0
DA:387,0
DA:390,0
DA:391,0
DA:407,0
DA:417,0
DA:419,0
DA:420,0
DA:422,0
DA:427,0
DA:431,0
DA:432,0
DA:434,0
DA:435,0
DA:437,0
DA:438,0
DA:439,0
DA:440,0
DA:444,0
DA:445,0
DA:446,0
DA:448,0
DA:449,0
DA:450,0
DA:452,0
DA:453,0
DA:456,0
DA:457,0
DA:469,0
DA:470,0
DA:473,0
DA:474,0
DA:475,0
DA:479,0
DA:481,0
DA:482,0
DA:486,0
DA:487,0
DA:492,0
DA:498,0
DA:499,0
DA:500,0
DA:501,0
DA:503,0
DA:505,0
DA:506,0
DA:507,0
DA:508,0
DA:509,0
DA:512,0
DA:513,0
DA:517,0
DA:518,0
DA:519,0
DA:520,0
LF:195
LH:1
end_of_record
SF:lib/core/theme/typography.dart
DA:12,1
DA:13,1
DA:15,1
DA:17,2
DA:19,1
DA:20,1
DA:23,2
DA:25,1
DA:28,2
DA:30,1
DA:35,2
DA:37,1
DA:40,2
DA:42,1
DA:46,2
DA:48,1
DA:54,2
DA:56,1
DA:60,2
DA:62,1
DA:66,2
DA:68,1
DA:74,2
DA:76,1
DA:80,2
DA:82,1
DA:86,2
DA:88,1
DA:96,0
DA:98,0
LF:30
LH:28
end_of_record
